{
  "stats": {
    "suites": 1,
    "tests": 2,
    "passes": 1,
    "pending": 0,
    "failures": 1,
    "start": "2019-06-13T07:42:06.865Z",
    "end": "2019-06-13T07:42:06.984Z",
    "duration": 119,
    "testsRegistered": 2,
    "passPercent": 50,
    "pendingPercent": 0,
    "other": 0,
    "hasOther": false,
    "skipped": 0,
    "hasSkipped": false
  },
  "results": [
    {
      "uuid": "b700d11f-f3b2-4712-b9cf-e58c6042ebfc",
      "title": "",
      "fullFile": "",
      "file": "",
      "beforeHooks": [],
      "afterHooks": [],
      "tests": [],
      "suites": [
        {
          "uuid": "063c6f71-ed48-4029-85e3-e9afb3661045",
          "title": "node接口",
          "fullFile": "/Users/liujun802/Desktop/yii2koa2_2/tests/service/axios.spec.js",
          "file": "/tests/service/axios.spec.js",
          "beforeHooks": [],
          "afterHooks": [],
          "tests": [
            {
              "title": "interface test",
              "fullTitle": "node接口 interface test",
              "timedOut": false,
              "duration": 58,
              "state": "passed",
              "speed": "medium",
              "pass": true,
              "fail": false,
              "pending": false,
              "context": null,
              "code": "axios.get('http://192.168.64.2/basic/web/index.php?r=book%2Findex').then(function (response) {\n    if (response.data[0].book_id === '123') {\n        done();\n    } else {\n        done(new Error('数据请求出错1'));\n    }\n}).catch(function (error) {\n    done(new Error('数据请求出错2'));\n});",
              "err": {},
              "uuid": "8cf745f6-7395-441a-bf58-35fe4fc2c86f",
              "parentUUID": "063c6f71-ed48-4029-85e3-e9afb3661045",
              "isHook": false,
              "skipped": false
            },
            {
              "title": "interface test2",
              "fullTitle": "node接口 interface test2",
              "timedOut": false,
              "duration": 54,
              "state": "failed",
              "speed": null,
              "pass": false,
              "fail": true,
              "pending": false,
              "context": null,
              "code": "axios.get('http://192.168.64.2/basic/web/index.php?r=book%2Fview&id=123').then(function (response) {\n    if (response.data == 9) {\n        done();\n    } else {\n        done(new Error('数据请求出错3'));\n    }\n}).catch(function (error) {\n    done(new Error('数据请求出错4'));\n});",
              "err": {
                "message": "Error: 数据请求出错3",
                "estack": "Error: 数据请求出错3\n    at /Users/liujun802/Desktop/yii2koa2_2/tests/service/axios.spec.js:20:22\n    at <anonymous>\n    at process._tickCallback (internal/process/next_tick.js:188:7)",
                "diff": null
              },
              "uuid": "b05913c4-b683-4582-b821-d029c3b06ce3",
              "parentUUID": "063c6f71-ed48-4029-85e3-e9afb3661045",
              "isHook": false,
              "skipped": false
            }
          ],
          "suites": [],
          "passes": [
            "8cf745f6-7395-441a-bf58-35fe4fc2c86f"
          ],
          "failures": [
            "b05913c4-b683-4582-b821-d029c3b06ce3"
          ],
          "pending": [],
          "skipped": [],
          "duration": 112,
          "root": false,
          "rootEmpty": false,
          "_timeout": 2000
        }
      ],
      "passes": [],
      "failures": [],
      "pending": [],
      "skipped": [],
      "duration": 0,
      "root": true,
      "rootEmpty": true,
      "_timeout": 2000
    }
  ],
  "meta": {
    "mocha": {
      "version": "6.1.4"
    },
    "mochawesome": {
      "options": {
        "quiet": false,
        "reportFilename": "mochawesome",
        "saveHtml": true,
        "saveJson": true,
        "useInlineDiffs": false
      },
      "version": "4.0.0"
    },
    "marge": {
      "options": {
        "reportDir": "./doc/mochawesome-reporter"
      },
      "version": "4.0.0"
    }
  }
}